"../../../Engine/Content/EngineMaterials/T_Default_Material_Grid_N.uasset" 0
"../../../Engine/Content/EngineMaterials/T_Default_Material_Grid_M.uasset" 1
"../../../Engine/Content/Functions/Engine_MaterialFunctions01/Opacity/CameraDepthFade.uasset" 2
"../../../Engine/Content/EngineMaterials/WorldGridMaterial.uasset" 3
"../../../../../../Users/hakan/Documents/Unreal Projects/Blasteroidz/Content/Mesh/Asteroid_v0002.uasset" 4
"../../../../../../Users/hakan/Documents/Unreal Projects/Blasteroidz/Content/Textures/Asteroid_v0002_lambert1_Roughness_1001.uasset" 5
"../../../../../../Users/hakan/Documents/Unreal Projects/Blasteroidz/Content/Textures/Asteroid_v0002_lambert1_Normal_1001.uasset" 6
"../../../../../../Users/hakan/Documents/Unreal Projects/Blasteroidz/Content/Textures/Asteroid_v0002_lambert1_Metallic_1001.uasset" 7
"../../../../../../Users/hakan/Documents/Unreal Projects/Blasteroidz/Content/Textures/Asteroid_v0002_lambert1_Emissive_1001.uasset" 8
"../../../../../../Users/hakan/Documents/Unreal Projects/Blasteroidz/Content/Textures/Asteroid_v0002_lambert1_BaseColor_1001.uasset" 9
"../../../Engine/Content/Functions/Engine_MaterialFunctions02/HueShift.uasset" 10
"../../../../../../Users/hakan/Documents/Unreal Projects/Blasteroidz/Content/Materials/Asteroid.uasset" 11
"../../../../../../Users/hakan/Documents/Unreal Projects/Blasteroidz/Content/Materials/Asteroid_Inst.uasset" 12
"../../../../../../Users/hakan/Documents/Unreal Projects/Blasteroidz/Content/Sound/SFX/12__Blasteroidz_SFX_-_Ship_Blastoff_Movement__002_.uasset" 13
"../../../../../../Users/hakan/Documents/Unreal Projects/Blasteroidz/Content/Sound/SFX/MoveCue.uasset" 14
"../../../../../../Users/hakan/Documents/Unreal Projects/Blasteroidz/Content/Materials/CableMat.uasset" 15
"../../../../../../Users/hakan/Documents/Unreal Projects/Blasteroidz/Content/Materials/CableMat_Inst.uasset" 16
"../../../../../../Users/hakan/Documents/Unreal Projects/Blasteroidz/Content/Textures/SpaceFighter_v0003_SpaceFighter_Roughness_1001.uasset" 17
"../../../../../../Users/hakan/Documents/Unreal Projects/Blasteroidz/Content/Textures/SpaceFighter_v0003_SpaceFighter_Normal_1001.uasset" 18
"../../../../../../Users/hakan/Documents/Unreal Projects/Blasteroidz/Content/Textures/SpaceFighter_v0003_SpaceFighter_Metallic_1001.uasset" 19
"../../../../../../Users/hakan/Documents/Unreal Projects/Blasteroidz/Content/Textures/SpaceFighter_v0003_SpaceFighter_Emissive_1001.uasset" 20
"../../../../../../Users/hakan/Documents/Unreal Projects/Blasteroidz/Content/Textures/SpaceFighter_v0003_SpaceFighter_BaseColor_1001.uasset" 21
"../../../Engine/Content/Functions/Engine_MaterialFunctions03/Math/RemapValueRange.uasset" 22
"../../../../../../Users/hakan/Documents/Unreal Projects/Blasteroidz/Content/Materials/M_Player.uasset" 23
"../../../../../../Users/hakan/Documents/Unreal Projects/Blasteroidz/Content/Materials/M_Player_Inst.uasset" 24
"../../../../../../Users/hakan/Documents/Unreal Projects/Blasteroidz/Content/Mesh/SpaceFighter_v0003.uasset" 25
"../../Plugins/FX/Niagara/Content/Functions/System/SystemChangeState.uasset" 26
"../../Plugins/FX/Niagara/Content/Enums/ENiagaraSystemInactiveMode.uasset" 27
"../../Plugins/FX/Niagara/Content/Enums/ENiagara_EmitterStateOptions.uasset" 28
"../../Plugins/FX/Niagara/Content/Modules/System/SystemState.uasset" 29
"../../Plugins/FX/Niagara/Content/Modules/Spawn/Velocity/StaticMeshVelocity.uasset" 30
"../../Plugins/FX/Niagara/Content/Enums/ENiagaraCoordinateSpace.uasset" 31
"../../Plugins/FX/Niagara/Content/Functions/Localspace/TransformBase.uasset" 32
"../../Plugins/FX/Niagara/Content/Functions/Localspace/TransformVector.uasset" 33
"../../Plugins/FX/Niagara/Content/Modules/Spawn/Velocity/AddVelocity.uasset" 34
"../../Plugins/FX/Niagara/Content/Modules/Spawn/MeshInterface/SampleStaticMesh.uasset" 35
"../../Plugins/FX/Niagara/Content/Functions/LinearColor/HueShiftLinearColor.uasset" 36
"../../Plugins/FX/Niagara/Content/DynamicInputs/LinearColor/HueShiftLinearColor.uasset" 37
"../../Plugins/FX/Niagara/Content/DynamicInputs/Divide/Divide_Float.uasset" 38
"../../Plugins/FX/Niagara/Content/Enums/ENiagaraRandomnessMode.uasset" 39
"../../Plugins/FX/Niagara/Content/Enums/ENiagaraInactiveMode.uasset" 40
"../../Plugins/FX/Niagara/Content/Enums/ENiagaraEmitterLifeCycleMode.uasset" 41
"../../Plugins/FX/Niagara/Content/Enums/ENiagaraChannelCorrelation.uasset" 42
"../../Plugins/FX/Niagara/Content/Enums/ENiagara_UVFlippingMode.uasset" 43
"../../Plugins/FX/Niagara/Content/Enums/ENiagara_SpriteRotationMode.uasset" 44
"../../Plugins/FX/Niagara/Content/Enums/ENiagara_SizeScaleMode.uasset" 45
"../../Plugins/FX/Niagara/Content/Enums/ENiagara_PositionInitializationMode.uasset" 46
"../../Plugins/FX/Niagara/Content/Enums/ENiagara_MassInitializationMode.uasset" 47
"../../Plugins/FX/Niagara/Content/Enums/ENiagara_LifetimeMode.uasset" 48
"../../Plugins/FX/Niagara/Content/Enums/ENiagara_InfiniteLoopDuration.uasset" 49
"../../Plugins/FX/Niagara/Content/Enums/ENiagara_ColorInitializationMode.uasset" 50
"../../Plugins/FX/Niagara/Content/Modules/Update/Lifetime/ParticleState.uasset" 51
"../../Plugins/FX/Niagara/Content/Enums/ENiagaraRandomnessEvaluation.uasset" 52
"../../Plugins/FX/Niagara/Content/Functions/V2/CalculateRandomRange.uasset" 53
"../../Plugins/FX/Niagara/Content/Functions/V2/CalculateRandomRangeFloat.uasset" 54
"../../Plugins/FX/Niagara/Content/Functions/V2/CalculateRandomRangeInteger.uasset" 55
"../../Plugins/FX/Niagara/Content/Functions/V2/CalculateRandomBool.uasset" 56
"../../Plugins/FX/Niagara/Content/Functions/Localspace/SimulationPosition.uasset" 57
"../../Plugins/FX/Niagara/Content/Modules/Spawn/Initialization/V2/InitializeParticle.uasset" 58
"../../Plugins/FX/Niagara/Content/Functions/GetRandomInfo.uasset" 59
"../../Plugins/FX/Niagara/Content/Functions/RandomRangeFloat.uasset" 60
"../../Plugins/FX/Niagara/Content/Modules/Spawn/Initialization/InitializeRibbon.uasset" 61
"../../Plugins/FX/Niagara/Content/Functions/DirectionAndLengthSafe.uasset" 62
"../../Plugins/FX/Niagara/Content/Modules/Solvers/SolveForcesAndVelocity.uasset" 63
"../../Plugins/FX/Niagara/Content/Modules/Ribbons/ScaleRibbonWidth.uasset" 64
"../../Plugins/FX/Niagara/Content/Modules/Emitter/SpawnRate.uasset" 65
"../../Plugins/FX/Niagara/Content/Functions/Emitter/EmitterChangeState.uasset" 66
"../../Plugins/FX/Niagara/Content/Enums/ENiagaraExecutionStateManagement.uasset" 67
"../../Plugins/FX/Niagara/Content/Enums/ENiagaraEmitterScalabilityMode_Limited.uasset" 68
"../../Plugins/FX/Niagara/Content/Modules/Emitter/EmitterState.uasset" 69
"../../Plugins/FX/Niagara/Content/DynamicInputs/ValueFromCurve/FloatFromCurve.uasset" 70
"../../Plugins/FX/Niagara/Content/DynamicInputs/ValueFromCurve/ColorFromCurve.uasset" 71
"../../Plugins/FX/Niagara/Content/DefaultAssets/DefaultRIbbonMaterial.uasset" 72
"../../../../../../Users/hakan/Documents/Unreal Projects/Blasteroidz/Content/FX/NE_Trail.uasset" 73
"../../../../../../Users/hakan/Documents/Unreal Projects/Blasteroidz/Content/FX/NE_Trail_System.uasset" 74
"../../../Engine/Content/EditorBlueprintResources/StandardMacros.uasset" 75
"../../../../../../Users/hakan/Documents/Unreal Projects/Blasteroidz/Content/BP_ChaseCam.uasset" 76
"../../../Engine/Content/Tutorial/SubEditors/TutorialAssets/T_soft_smoke.uasset" 77
"../../../Engine/Content/Tutorial/SubEditors/TutorialAssets/T_SmokeSubUV_8X8.uasset" 78
"../../../Engine/Content/Tutorial/SubEditors/TutorialAssets/M_smoke_subUV_blackbody.uasset" 79
"../../../Engine/Content/Tutorial/SubEditors/TutorialAssets/TutorialParticleSystem.uasset" 80
"../../../Engine/Content/EngineMaterials/DefaultMaterial.uasset" 81
"../../../../../../Users/hakan/Documents/Unreal Projects/Blasteroidz/Content/Mesh/Cone.uasset" 82
"../../../../../../Users/hakan/Documents/Unreal Projects/Blasteroidz/Content/ProjectileBaseBP.uasset" 83
"../../../../../../Users/hakan/Documents/Unreal Projects/Blasteroidz/Content/Textures/T_PlayerShip_D.uasset" 84
"../../../../../../Users/hakan/Documents/Unreal Projects/Blasteroidz/Content/WBP_HUD.uasset" 85
"../../../../../../Users/hakan/Documents/Unreal Projects/Blasteroidz/Content/Sound/Alex.uasset" 86
"../../../../../../Users/hakan/Documents/Unreal Projects/Blasteroidz/Content/Sound/Alex_Cue.uasset" 87
"../../../../../../Users/hakan/Documents/Unreal Projects/Blasteroidz/Content/SaveCommon_BP.uasset" 88
"../../../../../../Users/hakan/Documents/Unreal Projects/Blasteroidz/Content/Textures/X_Hair.uasset" 89
"../../../../../../Users/hakan/Documents/Unreal Projects/Blasteroidz/Content/Materials/XHair.uasset" 90
"../../../../../../Users/hakan/Documents/Unreal Projects/Blasteroidz/Content/Textures/akara_logo_watermark.uasset" 91
"../../../../../../Users/hakan/Documents/Unreal Projects/Blasteroidz/Content/Materials/Logo.uasset" 92
"../../../../../../Users/hakan/Documents/Unreal Projects/Blasteroidz/Content/Fonts/Expansiva_bold_italic.uasset" 93
"../../../../../../Users/hakan/Documents/Unreal Projects/Blasteroidz/Content/Fonts/Expansiva_bold_italic_Font.uasset" 94
"../../../../../../Users/hakan/Documents/Unreal Projects/Blasteroidz/Content/Cursor.uasset" 95
"../../../../../../Users/hakan/Documents/Unreal Projects/Blasteroidz/Content/GameOver.uasset" 96
"../../../../../../Users/hakan/Documents/Unreal Projects/Blasteroidz/Content/MainMenu.uasset" 97
"../../../../../../Users/hakan/Documents/Unreal Projects/Blasteroidz/Content/BlasteroidzGI.uasset" 98
"../../../../../../Users/hakan/Documents/Unreal Projects/Blasteroidz/Content/BlasteroidzGameMode.uasset" 99
"../../../../../../Users/hakan/Documents/Unreal Projects/Blasteroidz/Content/Materials/M_Meteor.uasset" 100
"../../../../../../Users/hakan/Documents/Unreal Projects/Blasteroidz/Content/Mesh/goal.uasset" 101
"../../../../../../Users/hakan/Documents/Unreal Projects/Blasteroidz/Content/Sound/SFX/7__Akara_SFX_-_Life-Up__001__.uasset" 102
"../../../../../../Users/hakan/Documents/Unreal Projects/Blasteroidz/Content/Sound/SFX/GoalCue.uasset" 103
"../../../../../../Users/hakan/Documents/Unreal Projects/Blasteroidz/Content/Materials/Asteroid_Inst2.uasset" 104
"../../../../../../Users/hakan/Documents/Unreal Projects/Blasteroidz/Content/Asteroid_S_BP.uasset" 105
"../../../../../../Users/hakan/Documents/Unreal Projects/Blasteroidz/Content/Materials/Asteroid_Inst1.uasset" 106
"../../../../../../Users/hakan/Documents/Unreal Projects/Blasteroidz/Content/Asteroid_M_BP.uasset" 107
"../../../../../../Users/hakan/Documents/Unreal Projects/Blasteroidz/Content/GoalPost.uasset" 108
"../../../../../../Users/hakan/Documents/Unreal Projects/Blasteroidz/Content/PlayerShipCharacterBP.uasset" 109
"../../../../../../Users/hakan/Documents/Unreal Projects/Blasteroidz/Content/Asteroid_L_BP.uasset" 110
"../../../../../../Users/hakan/Documents/Unreal Projects/Blasteroidz/Content/Asteroid_BP.uasset" 111
"../../../../../../Users/hakan/Documents/Unreal Projects/Blasteroidz/Content/Bounce.uasset" 112
"../../../../../../Users/hakan/Documents/Unreal Projects/Blasteroidz/Content/Brush.uasset" 113
"../../../../../../Users/hakan/Documents/Unreal Projects/Blasteroidz/Content/StarField.uasset" 114
"../../../../../../Users/hakan/Documents/Unreal Projects/Blasteroidz/Content/DrawToRT.uasset" 115
"../../../../../../Users/hakan/Documents/Unreal Projects/Blasteroidz/Content/ImpactPoint.uasset" 116
"../../../../../../Users/hakan/Documents/Unreal Projects/Blasteroidz/Content/Materials/Pickup.uasset" 117
"../../../../../../Users/hakan/Documents/Unreal Projects/Blasteroidz/Content/Mesh/SM_SpaceRockLrg.uasset" 118
"../../../../../../Users/hakan/Documents/Unreal Projects/Blasteroidz/Content/Pickup.uasset" 119
"../../../../../../Users/hakan/Documents/Unreal Projects/Blasteroidz/Content/StarBrush.uasset" 120
"../../../Engine/Content/BasicShapes/Plane.uasset" 121
"../../../../../../Users/hakan/Documents/Unreal Projects/Blasteroidz/Content/Thruster.uasset" 122
"../../../../../../Users/hakan/Documents/Unreal Projects/Blasteroidz/Content/Fonts/Expansiva_bold.uasset" 123
"../../../../../../Users/hakan/Documents/Unreal Projects/Blasteroidz/Content/Fonts/Expansiva_bold_Font.uasset" 124
"../../../../../../Users/hakan/Documents/Unreal Projects/Blasteroidz/Content/Fonts/Expansiva.uasset" 125
"../../../../../../Users/hakan/Documents/Unreal Projects/Blasteroidz/Content/Fonts/Expansiva_Font.uasset" 126
"../../../../../../Users/hakan/Documents/Unreal Projects/Blasteroidz/Content/Fonts/Expansiva_italic.uasset" 127
"../../../../../../Users/hakan/Documents/Unreal Projects/Blasteroidz/Content/Fonts/Expansiva_italic_Font.uasset" 128
"../../../../../../Users/hakan/Documents/Unreal Projects/Blasteroidz/Content/Textures/StarSky_D.uasset" 129
"../../../../../../Users/hakan/Documents/Unreal Projects/Blasteroidz/Content/Materials/ForceSplat.uasset" 130
"../../../../../../Users/hakan/Documents/Unreal Projects/Blasteroidz/Content/Materials/StarField_M.uasset" 131
"../../../../../../Users/hakan/Documents/Unreal Projects/Blasteroidz/Content/Mesh/PlayerMesh.uasset" 132
"../../../../../../Users/hakan/Documents/Unreal Projects/Blasteroidz/Content/Mesh/SM_Spacecraft.uasset" 133
"../../../../../../Users/hakan/Documents/Unreal Projects/Blasteroidz/Content/Mesh/SM_SpaceRockMed.uasset" 134
"../../../../../../Users/hakan/Documents/Unreal Projects/Blasteroidz/Content/Mesh/SM_SpaceRockSm.uasset" 135
"../../../../../../Users/hakan/Documents/Unreal Projects/Blasteroidz/Content/Mesh/Spaceship_Blocking_v0004_pCube104.uasset" 136
"../../../../../../Users/hakan/Documents/Unreal Projects/Blasteroidz/Content/Mesh/Spaceship_Blocking_v0004_pCube13.uasset" 137
"../../../../../../Users/hakan/Documents/Unreal Projects/Blasteroidz/Content/Mesh/Spaceship_Blocking_v0004_polySurface7_001.uasset" 138
"../../../../../../Users/hakan/Documents/Unreal Projects/Blasteroidz/Content/Mesh/thruster_mesh.uasset" 139
"../../../../../../Users/hakan/Documents/Unreal Projects/Blasteroidz/Content/Sound/MainScore/1__Akara_Main_Music_201_-_Master_201.uasset" 140
"../../../../../../Users/hakan/Documents/Unreal Projects/Blasteroidz/Content/Sound/MainScore/2__Akara_End_Anxiety_Loop_-_Master_201.uasset" 141
"../../../../../../Users/hakan/Documents/Unreal Projects/Blasteroidz/Content/Sound/MainScore/AnxietyCue.uasset" 142
"../../../../../../Users/hakan/Documents/Unreal Projects/Blasteroidz/Content/Sound/SFX/10__Blasteroidz_SFX_-_Asteroids_collide__001_.uasset" 143
"../../../../../../Users/hakan/Documents/Unreal Projects/Blasteroidz/Content/Sound/SFX/11__Blasteroidz_SFX_-_Ship_Blastoff_Movement__001_.uasset" 144
"../../../../../../Users/hakan/Documents/Unreal Projects/Blasteroidz/Content/Sound/SFX/1__Akara_SFX_-_Main_Title_004.uasset" 145
"../../../../../../Users/hakan/Documents/Unreal Projects/Blasteroidz/Content/Sound/SFX/2__Akara_SFX_-_Blackhole_001.uasset" 146
"../../../../../../Users/hakan/Documents/Unreal Projects/Blasteroidz/Content/Sound/SFX/3__Akara_SFX_-_Weapon_01__001_.uasset" 147
"../../../../../../Users/hakan/Documents/Unreal Projects/Blasteroidz/Content/Sound/SFX/4__Akara_SFX_-_Weapon_02__001_.uasset" 148
"../../../../../../Users/hakan/Documents/Unreal Projects/Blasteroidz/Content/Sound/SFX/5__Akara_SFX_-_Weapon_03__001_.uasset" 149
"../../../../../../Users/hakan/Documents/Unreal Projects/Blasteroidz/Content/Sound/SFX/6__Akara_SFX_-_Weapon_03__002_.uasset" 150
"../../../../../../Users/hakan/Documents/Unreal Projects/Blasteroidz/Content/Sound/SFX/8__Akara_SFX_-_Death__001_.uasset" 151
"../../../../../../Users/hakan/Documents/Unreal Projects/Blasteroidz/Content/Sound/SFX/9__Akara_SFX_-_Asteroid_Breaks__001_.uasset" 152
"../../../../../../Users/hakan/Documents/Unreal Projects/Blasteroidz/Content/Textures/Gradient.uasset" 153
"../../../../../../Users/hakan/Documents/Unreal Projects/Blasteroidz/Content/Textures/thruster.uasset" 154
"../../../../../../Users/hakan/Documents/Unreal Projects/Blasteroidz/Content/Textures/X_Hair_Test.uasset" 155
"../../../../../../Users/hakan/Documents/Unreal Projects/Blasteroidz/Content/Textures/metal-seamless-normal-mapping_640v640.uasset" 156
"../../../../../../Users/hakan/Documents/Unreal Projects/Blasteroidz/Content/Materials/PP_Warp.uasset" 157
"../../../Engine/Content/ArtTools/RenderToTexture/Meshes/S_1_Unit_Plane.uasset" 158
"../../../Engine/Content/BasicShapes/Cone.uasset" 159
"../../../Engine/Content/BasicShapes/Sphere.uasset" 160
"../../../Engine/Content/EditorLandscapeResources/DataLayer.uasset" 161
"../../../Engine/Content/EditorLandscapeResources/DefaultAlphaTexture.uasset" 162
"../../../Engine/Content/EditorMaterials/MAT_Groups_Toggle.uasset" 163
"../../../Engine/Content/EditorMaterials/MAT_Groups_Visibility.uasset" 164
"../../../Engine/Content/EditorMaterials/PreviewShadowIndicator.uasset" 165
"../../../Engine/Content/EditorMaterials/PreviewShadowIndicatorMaterial.uasset" 166
"../../../Engine/Content/EditorMaterials/MatineeGroups/MAT_ColorTrack.uasset" 167
"../../../Engine/Content/EditorMaterials/MatineeGroups/MAT_Groups_Anim.uasset" 168
"../../../Engine/Content/EditorMaterials/MatineeGroups/MAT_Groups_AudioMaster.uasset" 169
"../../../Engine/Content/EditorMaterials/MatineeGroups/MAT_Groups_Director.uasset" 170
"../../../Engine/Content/EditorMaterials/MatineeGroups/MAT_Groups_Event.uasset" 171
"../../../Engine/Content/EditorMaterials/MatineeGroups/MAT_Groups_Fade.uasset" 172
"../../../Engine/Content/EditorMaterials/MatineeGroups/MAT_Groups_Float.uasset" 173
"../../../Engine/Content/EditorMaterials/MatineeGroups/MAT_Groups_Move.uasset" 174
"../../../Engine/Content/EditorMaterials/MatineeGroups/MAT_Groups_Slomo.uasset" 175
"../../../Engine/Content/EditorMaterials/MatineeGroups/MAT_Groups_Sound.uasset" 176
"../../../Engine/Content/EditorMaterials/MatineeGroups/MAT_Groups_Vector.uasset" 177
"../../../Engine/Content/EditorMaterials/ParticleSystems/PSysThumbnail_NoImage.uasset" 178
"../../../Engine/Content/EditorMaterials/ParticleSystems/PSysThumbnail_OOD.uasset" 179
"../../../Engine/Content/EditorMaterials/Camera/CineMat.uasset" 180
"../../../Engine/Content/EditorMaterials/Camera/MI_CineMat_Rig.uasset" 181
"../../../Engine/Content/EditorMeshes/Camera/SM_CraneRig_Arm.uasset" 182
"../../../Engine/Content/EditorMeshes/Camera/SM_CraneRig_Base.uasset" 183
"../../../Engine/Content/EditorMeshes/Camera/SM_CraneRig_Body.uasset" 184
"../../../Engine/Content/EditorMeshes/Camera/SM_CraneRig_Mount.uasset" 185
"../../../Engine/Content/EditorMeshes/Camera/SM_RailRig_Mount.uasset" 186
"../../../Engine/Content/EditorMeshes/Camera/SM_RailRig_Track.uasset" 187
"../../../Engine/Content/EditorResources/BSPVertex.uasset" 188
"../../../Engine/Content/EditorResources/EmptyActor.uasset" 189
"../../../Engine/Content/EditorResources/S_Actor.uasset" 190
"../../../Engine/Content/EditorResources/S_Note.uasset" 191
"../../../Engine/Content/EditorResources/S_Solver.uasset" 192
"../../../Engine/Content/EditorResources/S_Terrain.uasset" 193
"../../../Engine/Content/EditorResources/S_Trigger.uasset" 194
"../../../Engine/Content/EditorResources/LightIcons/S_LightError.uasset" 195
"../../../Engine/Content/EditorResources/SequenceRecorder/Countdown.uasset" 196
"../../../Engine/Content/EditorResources/SequenceRecorder/RecordingIndicator.uasset" 197
"../../../Engine/Content/EngineDamageTypes/DmgTypeBP_Environmental.uasset" 198
"../../../Engine/Content/EngineDebugMaterials/DebugEditorMaterial.uasset" 199
"../../../Engine/Content/EngineDebugMaterials/DebugMeshMaterial.uasset" 200
"../../../Engine/Content/EngineDebugMaterials/M_SimpleUnlitTranslucent.uasset" 201
"../../../Engine/Content/EngineDebugMaterials/VolumeToRender.uasset" 202
"../../../Engine/Content/Functions/Engine_MaterialFunctions02/Utility/CameraDirectionVector.uasset" 203
"../../../Engine/Content/EngineDebugMaterials/M_VolumeRenderSphereTracePP.uasset" 204
"../../../Engine/Content/Functions/Engine_MaterialFunctions01/Shading/ConvertFromDiffSpec.uasset" 205
"../../../Engine/Content/EngineDebugMaterials/VertexColorMaterial.uasset" 206
"../../../Engine/Content/EngineDebugMaterials/WireframeMaterial.uasset" 207
"../../../Engine/Content/EngineFonts/Faces/RobotoRegular.uasset" 208
"../../../Engine/Content/EngineFonts/Faces/RobotoLight.uasset" 209
"../../../Engine/Content/EngineFonts/Faces/RobotoItalic.uasset" 210
"../../../Engine/Content/EngineFonts/Faces/RobotoBoldItalic.uasset" 211
"../../../Engine/Content/EngineFonts/Faces/RobotoBold.uasset" 212
"../../../Engine/Content/EngineFonts/Faces/DroidSansFallback.uasset" 213
"../../../Engine/Content/EngineFonts/Roboto.uasset" 214
"../../../Engine/Content/EngineMaterials/BaseFlattenNormalMap.uasset" 215
"../../../Engine/Content/EngineMaterials/BaseFlattenGrayscaleMap.uasset" 216
"../../../Engine/Content/EngineMaterials/BaseFlattenEmissiveMap.uasset" 217
"../../../Engine/Content/EngineMaterials/BaseFlattenDiffuseMap.uasset" 218
"../../../Engine/Content/EngineMaterials/BaseFlattenMaterial.uasset" 219
"../../../Engine/Content/EngineMaterials/BlueNoise.uasset" 220
"../../../Engine/Content/EngineMaterials/DefaultBloomKernel.uasset" 221
"../../../Engine/Content/EngineMaterials/DefaultBokeh.uasset" 222
"../../../Engine/Content/EngineMaterials/DefaultDiffuse.uasset" 223
"../../../Engine/Content/EngineMaterials/DefaultDeferredDecalMaterial.uasset" 224
"../../../Engine/Content/EngineMaterials/DefaultLightFunctionMaterial.uasset" 225
"../../../Engine/Content/EngineMaterials/DefaultPhysicalMaterial.uasset" 226
"../../../Engine/Content/Functions/Engine_MaterialFunctions02/Utility/BreakOutFloat2Components.uasset" 227
"../../../Engine/Content/EngineMaterials/DefaultPostProcessMaterial.uasset" 228
"../../../Engine/Content/EngineFonts/RobotoDistanceField.uasset" 229
"../../../Engine/Content/EngineMaterials/DefaultTextMaterialOpaque.uasset" 230
"../../../Engine/Content/EngineMaterials/DefaultWhiteGrid.uasset" 231
"../../../Engine/Content/EngineMaterials/DefaultWhiteGrid_Low.uasset" 232
"../../../Engine/Content/EngineMaterials/EmissiveMeshMaterial.uasset" 233
"../../../Engine/Content/EngineMaterials/GizmoMaterial.uasset" 234
"../../../Engine/Content/EngineMaterials/Good64x64TilingNoiseHighFreq.uasset" 235
"../../../Engine/Content/EngineMaterials/MiniFont.uasset" 236
"../../../Engine/Content/EngineMaterials/InvalidLightmapSettings.uasset" 237
"../../../Engine/Content/EngineMaterials/M_InvalidLightmapSettings.uasset" 238
"../../../Engine/Content/Functions/Engine_MaterialFunctions02/WorldPositionOffset/CameraOffset.uasset" 239
"../../../Engine/Content/EngineMaterials/PhAT_JointLimitMaterial.uasset" 240
"../../../Engine/Content/EngineMaterials/PreintegratedSkinBRDF.uasset" 241
"../../../Engine/Content/EngineMaterials/RemoveSurfaceMaterial.uasset" 242
"../../../Engine/Content/EngineMaterials/WeightMapPlaceholderTexture.uasset" 243
"../../../Engine/Content/EngineResources/WhiteSquareTexture.uasset" 244
"../../../Engine/Content/EngineMaterials/Widget3DPassThrough.uasset" 245
"../../../Engine/Content/EngineMaterials/Widget3DPassThrough_Masked.uasset" 246
"../../../Engine/Content/EngineMaterials/Widget3DPassThrough_Opaque.uasset" 247
"../../../Engine/Content/EngineMaterials/Widget3DPassThrough_Masked_OneSided.uasset" 248
"../../../Engine/Content/EngineMaterials/Widget3DPassThrough_Opaque_OneSided.uasset" 249
"../../../Engine/Content/EngineMaterials/Widget3DPassThrough_Translucent.uasset" 250
"../../../Engine/Content/EngineMaterials/Widget3DPassThrough_Translucent_OneSided.uasset" 251
"../../../Engine/Content/EngineMeshes/Cylinder.uasset" 252
"../../../Engine/Content/EngineMeshes/Sphere.uasset" 253
"../../../Engine/Content/EngineResources/Black.uasset" 254
"../../../Engine/Content/EngineResources/DefaultTextureCube.uasset" 255
"../../../Engine/Content/EngineResources/DefaultVolumeTexture2D.uasset" 256
"../../../Engine/Content/EngineResources/DefaultVolumeTexture.uasset" 257
"../../../Engine/Content/EngineResources/GradientTexture0.uasset" 258
"../../../Engine/Content/EngineSky/VolumetricClouds/T_NoiseShape64.uasset" 259
"../../../Engine/Content/EngineSky/VolumetricClouds/T_VolumeNoiseShape64.uasset" 260
"../../../Engine/Content/EngineSky/VolumetricClouds/T_NoiseErosion.uasset" 261
"../../../Engine/Content/EngineSky/VolumetricClouds/T_VolumeNoiseErosion32.uasset" 262
"../../../Engine/Content/EngineSky/VolumetricClouds/CloudWeatherTexture.uasset" 263
"../../../Engine/Content/EngineSky/VolumetricClouds/CloudGradientTexture.uasset" 264
"../../../Engine/Content/Functions/Engine_MaterialFunctions02/Utility/MakeFloat2.uasset" 265
"../../../Engine/Content/EngineSky/VolumetricClouds/m_SimpleVolumetricCloud.uasset" 266
"../../../Engine/Content/EngineSky/VolumetricClouds/m_SimpleVolumetricCloud_Inst.uasset" 267
"../../../Engine/Content/EngineSounds/Master.uasset" 268
"../../../Engine/Content/Functions/Engine_MaterialFunctions01/Shading/PowerToRoughness.uasset" 269
"../../../Engine/Content/Maps/Templates/Thumbnails/Default.uasset" 270
"../../../Engine/Content/Maps/Templates/Thumbnails/TimeOfDay.uasset" 271
"../../../Engine/Content/Maps/Templates/Thumbnails/VR-Basic.uasset" 272
"../../../Engine/Content/MobileResources/T_MobileControls_texture.uasset" 273
"../../../Engine/Content/MobileResources/T_MobileMenu2.uasset" 274
"../../../Engine/Content/MobileResources/HUD/AnalogHat.uasset" 275
"../../../Engine/Content/MobileResources/HUD/VirtualJoystick_Thumb.uasset" 276
"../../../Engine/Content/MobileResources/HUD/VirtualJoystick_Background.uasset" 277
"../../../Engine/Content/MobileResources/HUD/DefaultVirtualJoysticks.uasset" 278
"../../../Engine/Content/MobileResources/HUD/LeftVirtualJoystickOnly.uasset" 279
"../../../Engine/Content/MobileResources/HUD/MobileHUDButton1_off.uasset" 280
"../../../Engine/Content/MobileResources/HUD/MobileHUDButton1_on.uasset" 281
"../../../Engine/Content/MobileResources/HUD/MobileHUDButton2_off.uasset" 282
"../../../Engine/Content/MobileResources/HUD/MobileHUDButton2_on.uasset" 283
"../../../Engine/Content/MobileResources/HUD/MobileHUDButton3.uasset" 284
"../../../Engine/Content/MobileResources/HUD/MobileHUDButtonFire.uasset" 285
"../../../Engine/Content/MobileResources/HUD/MobileHUDDirectionPad.uasset" 286
"../../../Engine/Content/MobileResources/HUD/MobileHUDDirectionPad2.uasset" 287
"../../../Engine/Content/MobileResources/HUD/MobileHUDDirectionPad3.uasset" 288
"../../../Engine/Content/MobileResources/HUD/MobileHUDDirectionStick.uasset" 289
"../../../Engine/Content/MobileResources/HUD/T_Castle_ThumbstickInner.uasset" 290
"../../../Engine/Content/MobileResources/HUD/T_Castle_ThumbstickOutter.uasset" 291
"../../../Engine/Content/Tutorial/ContentIntroCurve.uasset" 292
"../../../Engine/Content/Tutorial/Basics/LevelEditorAttract.uasset" 293
"../../../Engine/Content/Tutorial/Basics/TutorialAssets/icon_tab_Levels_40x.uasset" 294
"../../../Engine/Content/Tutorial/Basics/LevelEditorOverview.uasset" 295
"../../../Engine/Content/Tutorial/BlueprintTutorials/TutorialAssets/Blueprint_64x.uasset" 296
"../../../Engine/Content/Tutorial/BlueprintTutorials/BlueprintEditorTutorial.uasset" 297
"../../../Engine/Content/Tutorial/SubEditors/ParticleSystemEditorTutorial.uasset" 298
"../../../Engine/Content/VREditor/TransformGizmo/TranslucentTransformGizmoMaterial.uasset" 299
"../../../Engine/Content/VREditor/LaserPointer/VR_LaserPower_01.uasset" 300
"../../../Engine/Content/VREditor/TransformGizmo/TransformGizmoMaterial.uasset" 301
"../../../Engine/Content/VREditor/TransformGizmo/BoundingBoxCorner.uasset" 302
"../../../Engine/Content/VREditor/TransformGizmo/BoundingBoxEdge.uasset" 303
"../../../Engine/Content/VREditor/TransformGizmo/PlaneTranslationHandle.uasset" 304
"../../../Engine/Content/VREditor/TransformGizmo/Xray.uasset" 305
"../../../Engine/Content/VREditor/TransformGizmo/Main.uasset" 306
"../../../Engine/Content/VREditor/TransformGizmo/SM_Sequencer_Key.uasset" 307
"../../../Engine/Content/VREditor/TransformGizmo/SM_Sequencer_Node.uasset" 308
"../../Plugins/2D/Paper2D/Content/PlaceholderTextures/DummySpriteTexture.uasset" 309
"../../Plugins/2D/Paper2D/Content/DummySprite.uasset" 310
"../../Plugins/2D/Paper2D/Content/DefaultPaperTerrainMaterial.uasset" 311
"../../Plugins/2D/Paper2D/Content/DefaultSpriteMaterial.uasset" 312
"../../Plugins/2D/Paper2D/Content/MaskedUnlitSpriteMaterial.uasset" 313
"../../Plugins/2D/Paper2D/Content/OpaqueUnlitSpriteMaterial.uasset" 314
"../../../Engine/Content/Functions/Engine_MaterialFunctions02/Utility/BreakOutFloat3Components.uasset" 315
"../../Plugins/Editor/SpeedTreeImporter/Content/SpeedTree9/UnpackInteger3.uasset" 316
"../../Plugins/Editor/SpeedTreeImporter/Content/SpeedTree9/UnpackDirection.uasset" 317
"../../Plugins/Editor/SpeedTreeImporter/Content/SpeedTree9/game_wind_noise.uasset" 318
"../../../Engine/Content/Functions/Engine_MaterialFunctions02/SafeNormalize.uasset" 319
"../../Plugins/Editor/SpeedTreeImporter/Content/SpeedTree9/SpeedTreeWindMotion.uasset" 320
"../../Plugins/Editor/SpeedTreeImporter/Content/SpeedTree9/SpeedTreeBranchMotion.uasset" 321
"../../../Engine/Content/Functions/Engine_MaterialFunctions02/ObjectLocalBounds.uasset" 322
"../../../Engine/Content/Functions/Engine_MaterialFunctions02/UVs/BoundingBoxBased_0-1_UVW.uasset" 323
"../../Plugins/Editor/SpeedTreeImporter/Content/SpeedTree9/SpeedTreeWind.uasset" 324
"../../Plugins/Editor/SpeedTreeImporter/Content/SpeedTree9/SpeedTreeBillboard.uasset" 325
"../../../Engine/Content/EngineResources/DefaultTexture.uasset" 326
"../../Plugins/Editor/SpeedTreeImporter/Content/SpeedTree9/SpeedTreeBillboardMaster.uasset" 327
"../../Plugins/Editor/SpeedTreeImporter/Content/SpeedTree9/SpeedTreeCameraFacing.uasset" 328
"../../Plugins/Editor/SpeedTreeImporter/Content/SpeedTree9/SpeedTreeMaster.uasset" 329
"../../Plugins/Experimental/ControlRig/Content/M_Manip.uasset" 330
"../../Plugins/Experimental/ControlRig/Content/Controls/ControlRigGizmoMaterial.uasset" 331
"../../Plugins/Experimental/ControlRig/Content/Controls/ControlRig_Arrow2_1mm.uasset" 332
"../../Plugins/Experimental/ControlRig/Content/Controls/ControlRig_Arrow2_3mm.uasset" 333
"../../Plugins/Experimental/ControlRig/Content/Controls/ControlRig_Arrow2_solid.uasset" 334
"../../Plugins/Experimental/ControlRig/Content/Controls/ControlRig_Arrow4_1mm.uasset" 335
"../../Plugins/Experimental/ControlRig/Content/Controls/ControlRig_Arrow4_3mm.uasset" 336
"../../Plugins/Experimental/ControlRig/Content/Controls/ControlRig_Arrow4_solid.uasset" 337
"../../Plugins/Experimental/ControlRig/Content/Controls/ControlRig_Arrow_1mm.uasset" 338
"../../Plugins/Experimental/ControlRig/Content/Controls/ControlRig_Arrow_3mm.uasset" 339
"../../Plugins/Experimental/ControlRig/Content/Controls/ControlRig_Arrow_solid.uasset" 340
"../../Plugins/Experimental/ControlRig/Content/Controls/ControlRig_Box_1mm.uasset" 341
"../../Plugins/Experimental/ControlRig/Content/Controls/ControlRig_Box_3mm.uasset" 342
"../../Plugins/Experimental/ControlRig/Content/Controls/ControlRig_Box_solid.uasset" 343
"../../Plugins/Experimental/ControlRig/Content/Controls/ControlRig_Circle_1mm.uasset" 344
"../../Plugins/Experimental/ControlRig/Content/Controls/ControlRig_Circle_3mm.uasset" 345
"../../Plugins/Experimental/ControlRig/Content/Controls/ControlRig_Circle_solid.uasset" 346
"../../Plugins/Experimental/ControlRig/Content/Controls/ControlRig_Diamond_1mm.uasset" 347
"../../Plugins/Experimental/ControlRig/Content/Controls/ControlRig_Diamond_3mm.uasset" 348
"../../Plugins/Experimental/ControlRig/Content/Controls/ControlRig_Diamond_solid.uasset" 349
"../../Plugins/Experimental/ControlRig/Content/Controls/ControlRig_HalfCircle_1mm.uasset" 350
"../../Plugins/Experimental/ControlRig/Content/Controls/ControlRig_HalfCircle_3mm.uasset" 351
"../../Plugins/Experimental/ControlRig/Content/Controls/ControlRig_HalfCircle_solid.uasset" 352
"../../Plugins/Experimental/ControlRig/Content/Controls/ControlRig_Hexagon_1mm.uasset" 353
"../../Plugins/Experimental/ControlRig/Content/Controls/ControlRig_Hexagon_3mm.uasset" 354
"../../Plugins/Experimental/ControlRig/Content/Controls/ControlRig_Hexagon_solid.uasset" 355
"../../Plugins/Experimental/ControlRig/Content/Controls/ControlRig_Octagon_1mm.uasset" 356
"../../Plugins/Experimental/ControlRig/Content/Controls/ControlRig_Octagon_3mm.uasset" 357
"../../Plugins/Experimental/ControlRig/Content/Controls/ControlRig_Octagon_solid.uasset" 358
"../../Plugins/Experimental/ControlRig/Content/Controls/ControlRig_Pyramid_1mm.uasset" 359
"../../Plugins/Experimental/ControlRig/Content/Controls/ControlRig_Pyramid_3mm.uasset" 360
"../../Plugins/Experimental/ControlRig/Content/Controls/ControlRig_Pyramid_solid.uasset" 361
"../../Plugins/Experimental/ControlRig/Content/Controls/ControlRig_QuarterCircle_1mm.uasset" 362
"../../Plugins/Experimental/ControlRig/Content/Controls/ControlRig_QuarterCircle_3mm.uasset" 363
"../../Plugins/Experimental/ControlRig/Content/Controls/ControlRig_QuarterCircle_solid.uasset" 364
"../../Plugins/Experimental/ControlRig/Content/Controls/ControlRig_RoundedSquare_1mm.uasset" 365
"../../Plugins/Experimental/ControlRig/Content/Controls/ControlRig_RoundedSquare_3mm.uasset" 366
"../../Plugins/Experimental/ControlRig/Content/Controls/ControlRig_RoundedSquare_solid.uasset" 367
"../../Plugins/Experimental/ControlRig/Content/Controls/ControlRig_RoundedTriangle_1mm.uasset" 368
"../../Plugins/Experimental/ControlRig/Content/Controls/ControlRig_RoundedTriangle_3mm.uasset" 369
"../../Plugins/Experimental/ControlRig/Content/Controls/ControlRig_RoundedTriangle_solid.uasset" 370
"../../Plugins/Experimental/ControlRig/Content/Controls/ControlRig_Sphere_1mm.uasset" 371
"../../Plugins/Experimental/ControlRig/Content/Controls/ControlRig_Sphere_3mm.uasset" 372
"../../Plugins/Experimental/ControlRig/Content/Controls/ControlRig_Sphere_solid.uasset" 373
"../../Plugins/Experimental/ControlRig/Content/Controls/ControlRig_Square_1mm.uasset" 374
"../../Plugins/Experimental/ControlRig/Content/Controls/ControlRig_Square_3mm.uasset" 375
"../../Plugins/Experimental/ControlRig/Content/Controls/ControlRig_Square_solid.uasset" 376
"../../Plugins/Experimental/ControlRig/Content/Controls/ControlRig_Star4_1mm.uasset" 377
"../../Plugins/Experimental/ControlRig/Content/Controls/ControlRig_Star4_3mm.uasset" 378
"../../Plugins/Experimental/ControlRig/Content/Controls/ControlRig_Star4_solid.uasset" 379
"../../Plugins/Experimental/ControlRig/Content/Controls/ControlRig_Triangle_1mm.uasset" 380
"../../Plugins/Experimental/ControlRig/Content/Controls/ControlRig_Triangle_3mm.uasset" 381
"../../Plugins/Experimental/ControlRig/Content/Controls/ControlRig_Triangle_solid.uasset" 382
"../../Plugins/Experimental/ControlRig/Content/Controls/ControlRig_Wedge_1mm.uasset" 383
"../../Plugins/Experimental/ControlRig/Content/Controls/ControlRig_Wedge_3mm.uasset" 384
"../../Plugins/Experimental/ControlRig/Content/Controls/ControlRig_Wedge_solid.uasset" 385
"../../Plugins/Experimental/ControlRig/Content/Controls/DefaultGizmoLibrary.uasset" 386
"../../../Engine/Content/ArtTools/RenderToTexture/Materials/Debug/M_Emissive_Color.uasset" 387
"../../../Engine/Content/BasicShapes/Cylinder.uasset" 388
"../../Plugins/Lumin/MagicLeapPassableWorld/Content/MagicLeapARPinInfoActor.uasset" 389
"../../../Engine/Content/Functions/Engine_MaterialFunctions02/Utility/BreakOutFloat4Components.uasset" 390
"../../../Engine/Content/Functions/Engine_MaterialFunctions02/Utility/MakeFloat3.uasset" 391
"../../Plugins/Runtime/Oculus/OculusVR/Content/Materials/OculusMR_ChromaKey.uasset" 392
"../../Plugins/Runtime/Oculus/OculusVR/Content/Materials/OculusMR_OpaqueColoredMaterial.uasset" 393
"../../Plugins/Runtime/Oculus/OculusVR/Content/Materials/PokeAHoleMaterial.uasset" 394
"../../../../../../Users/hakan/Documents/Unreal Projects/Blasteroidz/Content/Textures/StarSky_D_Sprite.uasset" 395
"../../../Engine/Content/Functions/Engine_MaterialFunctions02/ExampleContent/Textures/flipbook.uasset" 396
"../../../Engine/Content/Functions/Engine_MaterialFunctions02/ExampleContent/Textures/DebugNumberPeriod.uasset" 397
"../../../Engine/Content/Functions/Engine_MaterialFunctions02/ExampleContent/DebugNumberStrip.uasset" 398
"../../../Engine/Content/Functions/Engine_MaterialFunctions01/Texturing/TextureCropping.uasset" 399
"../../../Engine/Content/Functions/Engine_MaterialFunctions01/Texturing/ComputeMipLevel.uasset" 400
"../../../Engine/Content/Functions/Engine_MaterialFunctions02/Utility/DebugScalarValues.uasset" 401
"../../../Engine/Content/Functions/Engine_MaterialFunctions02/Utility/DebugFloat2Values.uasset" 402
"../../../Engine/Content/Functions/Engine_MaterialFunctions02/Texturing/FlipBook.uasset" 403
"../../../../../../Users/hakan/Documents/Unreal Projects/Blasteroidz/Content/Textures/spacetest.uasset" 404
"../../../../../../Users/hakan/Documents/Unreal Projects/Blasteroidz/Content/Materials/StarSky_M.uasset" 405
"../../../../../../Users/hakan/Documents/Unreal Projects/Blasteroidz/Content/Maps/Main_LVL.umap" 406
"../../../../../../Users/hakan/Documents/Unreal Projects/Blasteroidz/Content/Mesh/GroundMesh.uasset" 407
"../../../Engine/Content/Functions/Engine_MaterialFunctions01/Density/ExponentialDensity.uasset" 408
"../../../Engine/Content/Functions/Engine_MaterialFunctions01/Gradient/RadialGradientExponential.uasset" 409
"../../../../../../Users/hakan/Documents/Unreal Projects/Blasteroidz/Content/Materials/LightningM.uasset" 410
"../../../../../../Users/hakan/Documents/Unreal Projects/Blasteroidz/Content/FX/LightningP.uasset" 411
"../../../Engine/Content/EngineSky/T_Sky_Stars.uasset" 412
"../../../Engine/Content/EngineSky/T_Sky_Clouds_M.uasset" 413
"../../../Engine/Content/EngineSky/T_Sky_Blue.uasset" 414
"../../../Engine/Content/BasicShapes/Cube.uasset" 415
"../../../../../../Users/hakan/Documents/Unreal Projects/Blasteroidz/Content/Materials/StarSky_M_Inst.uasset" 416
"../../../Engine/Content/Engine_MI_Shaders/T_Reflection.uasset" 417
"../../../Engine/Content/Engine_MI_Shaders/M_Shader_SimpleTranslucent.uasset" 418
"../../../Engine/Content/Engine_MI_Shaders/T_Emissive.uasset" 419
"../../../Engine/Content/Engine_MI_Shaders/Instances/M_Shader_SimpleTranslucent_Invis.uasset" 420
"../../../Engine/Content/EngineSky/M_Sky_Panning_Clouds2.uasset" 421
"../../../../../../Users/hakan/Documents/Unreal Projects/Blasteroidz/Content/Maps/test_BuiltData.uasset" 422
"../../../../../../Users/hakan/Documents/Unreal Projects/Blasteroidz/Content/TrueGravityManager.uasset" 423
"../../../Engine/Content/EngineSky/SM_SkySphere.uasset" 424
"../../../Engine/Content/EngineSky/C_Sky_Zenith_Color.uasset" 425
"../../../Engine/Content/EngineSky/C_Sky_Horizon_Color.uasset" 426
"../../../Engine/Content/EngineSky/C_Sky_Cloud_Color.uasset" 427
"../../../Engine/Content/EngineSky/BP_Sky_Sphere.uasset" 428
"../../../../../../Users/hakan/Documents/Unreal Projects/Blasteroidz/Content/Maps/test.umap" 429
"../../../../../../Users/hakan/Documents/Unreal Projects/Blasteroidz/Content/Maps/TestMap_BuiltData.uasset" 430
"../../../../../../Users/hakan/Documents/Unreal Projects/Blasteroidz/Content/Maps/TestMap.umap" 431
"../../../../../../Users/hakan/Documents/Unreal Projects/Blasteroidz/Content/Maps/Trailer_BuiltData.uasset" 432
"../../../../../../Users/hakan/Documents/Unreal Projects/Blasteroidz/Content/Maps/Trailer.umap" 433
"../../../Engine/Content/Maps/Entry_BuiltData.uasset" 434
"../../../Engine/Content/Maps/Entry.umap" 435
